E:\PROJECTS\PERSONAL\LUABIND\LUAINTERFACE-READ-ONLY\LUA-5.1.4\SRC\DEBUG\LUAGLUE.OBJ
E:\PROJECTS\PERSONAL\LUABIND\LUAINTERFACE-READ-ONLY\LUA-5.1.4\SRC\DEBUG\LUADLL.OBJ
E:\PROJECTS\PERSONAL\LUABIND\LUAINTERFACE-READ-ONLY\LUA-5.1.4\SRC\DEBUG\VC110.PDB
E:\PROJECTS\PERSONAL\LUABIND\LUAINTERFACE-READ-ONLY\LUA-5.1.4\SRC\DEBUG\.NETFRAMEWORK,VERSION=V4.5.ASSEMBLYATTRIBUTES.OBJ
E:\PROJECTS\PERSONAL\LUABIND\LUAINTERFACE-READ-ONLY\BUILT\LUA51.DLL
E:\PROJECTS\PERSONAL\LUABIND\LUAINTERFACE-READ-ONLY\BUILT\LUA51.PDB
E:\Projects\Personal\luabind\luainterface-read-only\lua-5.1.4\src\Debug\lua514.vcxprojResolveAssemblyReference.cache
E:\Projects\Personal\luabind\luainterface-read-only\lua-5.1.4\src\Debug\.NETFramework,Version=v4.5.AssemblyAttributes.obj
E:\Projects\Personal\luabind\luainterface-read-only\lua-5.1.4\src\Debug\LuaDLL.obj
E:\Projects\Personal\luabind\luainterface-read-only\lua-5.1.4\src\Debug\luaglue.obj
E:\Projects\Personal\luabind\luainterface-read-only\lua-5.1.4\src\Debug\cl.command.1.tlog
E:\Projects\Personal\luabind\luainterface-read-only\lua-5.1.4\src\Debug\CL.read.1.tlog
E:\Projects\Personal\luabind\luainterface-read-only\lua-5.1.4\src\Debug\CL.write.1.tlog
E:\Projects\Personal\luabind\luainterface-read-only\lua-5.1.4\src\Debug\link-cvtres.read.1.tlog
E:\Projects\Personal\luabind\luainterface-read-only\lua-5.1.4\src\Debug\link-cvtres.write.1.tlog
E:\Projects\Personal\luabind\luainterface-read-only\lua-5.1.4\src\Debug\link-rc.read.1.tlog
E:\Projects\Personal\luabind\luainterface-read-only\lua-5.1.4\src\Debug\link-rc.write.1.tlog
E:\Projects\Personal\luabind\luainterface-read-only\lua-5.1.4\src\Debug\link.command.1.tlog
E:\Projects\Personal\luabind\luainterface-read-only\lua-5.1.4\src\Debug\link.read.1.tlog
E:\Projects\Personal\luabind\luainterface-read-only\lua-5.1.4\src\Debug\link.write.1.tlog
E:\Projects\Personal\luabind\luainterface-read-only\lua-5.1.4\src\Debug\lua51.write.1.tlog
E:\Projects\Personal\luabind\luainterface-read-only\lua-5.1.4\src\Debug\metagen.read.1.tlog
E:\Projects\Personal\luabind\luainterface-read-only\lua-5.1.4\src\Debug\metagen.write.1.tlog
E:\Projects\Personal\luabind\luainterface-read-only\lua-5.1.4\src\Debug\vc110.pdb
E:\Projects\Personal\luabind\luainterface-read-only\lua-5.1.4\src\Debug\TZRES.DLL.bi
E:\Projects\Personal\luabind\luainterface-read-only\lua-5.1.4\src\..\..\Built\lua51.pdb
E:\Projects\Personal\luabind\luainterface-read-only\lua-5.1.4\src\..\..\Built\lua51.dll
