生成启动时间为 2014/2/8 17:27:55。
     1>项目“E:\Projects\Personal\luabind\luainterface-read-only\lua-5.1.4\src\lua514.vcxproj”在节点 2 上(Rebuild 个目标)。
     1>ClCompile:
         D:\Program Files (x86)\Microsoft Visual Studio 11.0\VC\bin\CL.exe /c /I"E:\Projects\Personal\luabind\luainterface-read-only\lua-5.1.4\src\..\src" /AI"C:\Program Files (x86)\Reference Assemblies\Microsoft\Framework\.NETFramework\v4.5\\" /AI"C:\Program Files (x86)\Windows Kits\8.0\References\CommonConfiguration\Neutral" /AI"C:\Program Files (x86)\Reference Assemblies\Microsoft\Framework\.NETFramework\v4.5\Facades\\" /Zi /clr /nologo /W3 /WX- /Od /Oy- /D LUA_BUILD_AS_DLL /D _WINDLL /D _UNICODE /D UNICODE /EHa /MDd /GS /fp:precise /Zc:wchar_t /Zc:forScope /Fo"Debug\\" /Fd"Debug\vc110.pdb" /TP /wd4996 /FU"C:\Program Files (x86)\Reference Assemblies\Microsoft\Framework\.NETFramework\v4.5\mscorlib.dll" /FU"C:\Program Files (x86)\Reference Assemblies\Microsoft\Framework\.NETFramework\v4.5\System.dll" /analyze- /errorReport:prompt /clr:nostdlib /clr LuaDLL.cpp luaglue.cpp
         LuaDLL.cpp
     1>LuaDLL.cpp(497): warning C4800: “int”: 将值强制为布尔值“true”或“false”(性能警告)
     1>LuaDLL.cpp(867): warning C4800: “int”: 将值强制为布尔值“true”或“false”(性能警告)
         luaglue.cpp
         正在生成代码...
     1>e:\projects\personal\luabind\luainterface-read-only\lua-5.1.4\src\lobject.c(172): warning C4793: “luaO_pushfstring”: 编译为本机的函数:
         	/clr 下不支持 varargs
     1>e:\projects\personal\luabind\luainterface-read-only\lua-5.1.4\src\lobject.c(175): warning C4793: “luaO_pushfstring”: 编译为本机的函数:
         	托管代码中发现一个不受支持的内部函数
     1>e:\projects\personal\luabind\luainterface-read-only\lua-5.1.4\src\lobject.c(177): warning C4793: “luaO_pushfstring”: 编译为本机的函数:
         	托管代码中发现一个不受支持的内部函数
     1>e:\projects\personal\luabind\luainterface-read-only\lua-5.1.4\src\ltable.c(476): warning C4793: “luaH_get”: 编译为本机的函数:
         	托管代码中不支持内联本机程序集
     1>e:\projects\personal\luabind\luainterface-read-only\lua-5.1.4\src\lapi.c(329): warning C4793: “lua_tointeger”: 编译为本机的函数:
         	托管代码中不支持内联本机程序集
     1>e:\projects\personal\luabind\luainterface-read-only\lua-5.1.4\src\lobject.c(121): warning C4793: “luaO_pushvfstring”: 编译为本机的函数:
         	托管代码中发现一个不受支持的内部函数
     1>e:\projects\personal\luabind\luainterface-read-only\lua-5.1.4\src\lobject.c(128): warning C4793: “luaO_pushvfstring”: 编译为本机的函数:
         	托管代码中发现一个不受支持的内部函数
     1>e:\projects\personal\luabind\luainterface-read-only\lua-5.1.4\src\lobject.c(134): warning C4793: “luaO_pushvfstring”: 编译为本机的函数:
         	托管代码中发现一个不受支持的内部函数
     1>e:\projects\personal\luabind\luainterface-read-only\lua-5.1.4\src\lobject.c(139): warning C4793: “luaO_pushvfstring”: 编译为本机的函数:
         	托管代码中发现一个不受支持的内部函数
     1>e:\projects\personal\luabind\luainterface-read-only\lua-5.1.4\src\lobject.c(145): warning C4793: “luaO_pushvfstring”: 编译为本机的函数:
         	托管代码中发现一个不受支持的内部函数
     1>e:\projects\personal\luabind\luainterface-read-only\lua-5.1.4\src\lapi.c(473): warning C4793: “lua_pushfstring”: 编译为本机的函数:
         	/clr 下不支持 varargs
     1>e:\projects\personal\luabind\luainterface-read-only\lua-5.1.4\src\lapi.c(478): warning C4793: “lua_pushfstring”: 编译为本机的函数:
         	托管代码中发现一个不受支持的内部函数
     1>e:\projects\personal\luabind\luainterface-read-only\lua-5.1.4\src\lapi.c(480): warning C4793: “lua_pushfstring”: 编译为本机的函数:
         	托管代码中发现一个不受支持的内部函数
     1>e:\projects\personal\luabind\luainterface-read-only\lua-5.1.4\src\ldebug.c(631): warning C4793: “luaG_runerror”: 编译为本机的函数:
         	/clr 下不支持 varargs
     1>e:\projects\personal\luabind\luainterface-read-only\lua-5.1.4\src\ldebug.c(633): warning C4793: “luaG_runerror”: 编译为本机的函数:
         	托管代码中发现一个不受支持的内部函数
     1>e:\projects\personal\luabind\luainterface-read-only\lua-5.1.4\src\ldebug.c(635): warning C4793: “luaG_runerror”: 编译为本机的函数:
         	托管代码中发现一个不受支持的内部函数
     1>e:\projects\personal\luabind\luainterface-read-only\lua-5.1.4\src\lauxlib.c(86): warning C4793: “luaL_error”: 编译为本机的函数:
         	/clr 下不支持 varargs
     1>e:\projects\personal\luabind\luainterface-read-only\lua-5.1.4\src\lauxlib.c(88): warning C4793: “luaL_error”: 编译为本机的函数:
         	托管代码中发现一个不受支持的内部函数
     1>e:\projects\personal\luabind\luainterface-read-only\lua-5.1.4\src\lauxlib.c(91): warning C4793: “luaL_error”: 编译为本机的函数:
         	托管代码中发现一个不受支持的内部函数
     1>e:\projects\personal\luabind\luainterface-read-only\lua-5.1.4\src\ltable.c(124): warning C4793: “`anonymous namespace'::arrayindex”: 编译为本机的函数:
         	托管代码中不支持内联本机程序集
         D:\Program Files (x86)\Microsoft Visual Studio 11.0\VC\bin\CL.exe /c /I"E:\Projects\Personal\luabind\luainterface-read-only\lua-5.1.4\src\..\src" /Zi /clr /nologo /W3 /WX- /Od /Oy- /D LUA_BUILD_AS_DLL /D _WINDLL /D _UNICODE /D UNICODE /EHa /MDd /GS /fp:precise /Zc:wchar_t /Zc:forScope /Fo"Debug\\" /Fd"Debug\vc110.pdb" /TP /wd4996 /analyze- /errorReport:prompt /clr "C:\Users\tempbuffer\AppData\Local\Temp\.NETFramework,Version=v4.5.AssemblyAttributes.cpp"
         .NETFramework,Version=v4.5.AssemblyAttributes.cpp
       Link:
         D:\Program Files (x86)\Microsoft Visual Studio 11.0\VC\bin\link.exe /ERRORREPORT:PROMPT /OUT:"E:\Projects\Personal\luabind\luainterface-read-only\lua-5.1.4\src\..\..\Built\lua51.dll" /INCREMENTAL:NO /NOLOGO /MANIFEST /MANIFESTUAC:"level='asInvoker' uiAccess='false'" /manifest:embed /DEBUG /PDB:"E:\Projects\Personal\luabind\luainterface-read-only\lua-5.1.4\src\..\..\Built\lua51.pdb" /ASSEMBLYDEBUG /TLBID:1 /DYNAMICBASE:NO /FIXED:NO /IMPLIB:"E:\Projects\Personal\luabind\luainterface-read-only\lua-5.1.4\src\..\..\Built\lua51.lib" /MACHINE:X86 /KEYFILE:"E:\Projects\Personal\luabind\luainterface-read-only\lua-5.1.4\src\Lua.snk" /SAFESEH /DLL Debug\LuaDLL.obj
         Debug\luaglue.obj
         "Debug\.NETFramework,Version=v4.5.AssemblyAttributes.obj"
            正在创建库 E:\Projects\Personal\luabind\luainterface-read-only\lua-5.1.4\src\..\..\Built\lua51.lib 和对象 E:\Projects\Personal\luabind\luainterface-read-only\lua-5.1.4\src\..\..\Built\lua51.exp
         lua514.vcxproj -> E:\Projects\Personal\luabind\luainterface-read-only\lua-5.1.4\src\..\..\Built\lua51.dll
     1>已完成生成项目“E:\Projects\Personal\luabind\luainterface-read-only\lua-5.1.4\src\lua514.vcxproj”(Rebuild 个目标)的操作。

生成成功。

已用时间 00:00:02.20
